2019-04-04 12:35:08 [JavaFX Application Thread] DEBUG sample.Controller - aqui llega
2019-04-04 12:35:09 [JavaFX Application Thread] DEBUG sample.Controller - aqui llega
2019-04-04 12:35:09 [pool-2-thread-1] DEBUG sample.Turno - se envio respuesta
2019-04-04 12:35:09 [JavaFX Application Thread] DEBUG sample.Controller - future terminó
2019-04-04 12:35:09 [JavaFX Application Thread] DEBUG sample.Controller - se llego a actualizar
2019-04-04 12:35:10 [pool-3-thread-1] DEBUG sample.Turno - se envio respuesta
2019-04-04 12:35:10 [JavaFX Application Thread] DEBUG sample.Controller - future terminó
2019-04-04 12:35:10 [JavaFX Application Thread] DEBUG sample.Controller - se llego a actualizar
2019-04-04 12:35:25 [JavaFX Application Thread] DEBUG sample.Controller - aqui llega
2019-04-04 12:35:26 [pool-2-thread-1] DEBUG sample.Turno - se envio respuesta
2019-04-04 12:35:26 [JavaFX Application Thread] DEBUG sample.Controller - future terminó
2019-04-04 12:35:26 [JavaFX Application Thread] DEBUG sample.Controller - se llego a actualizar
2019-04-04 12:35:27 [JavaFX Application Thread] DEBUG sample.Controller - future terminó
2019-04-04 12:35:27 [JavaFX Application Thread] DEBUG sample.Controller - se llego a actualizar
2019-04-04 12:35:28 [JavaFX Application Thread] DEBUG sample.Controller - future terminó
2019-04-04 12:35:28 [JavaFX Application Thread] DEBUG sample.Controller - se llego a actualizar
2019-04-04 12:35:29 [JavaFX Application Thread] DEBUG sample.Controller - future terminó
2019-04-04 12:35:29 [JavaFX Application Thread] DEBUG sample.Controller - se llego a actualizar
2019-04-04 12:35:30 [JavaFX Application Thread] DEBUG sample.Controller - future terminó
2019-04-04 12:35:30 [JavaFX Application Thread] DEBUG sample.Controller - se llego a actualizar
2019-04-04 12:35:31 [JavaFX Application Thread] DEBUG sample.Controller - future terminó
2019-04-04 12:35:31 [JavaFX Application Thread] DEBUG sample.Controller - se llego a actualizar
2019-04-04 12:35:32 [JavaFX Application Thread] DEBUG sample.Controller - si clickeaste compa
2019-04-04 12:35:32 [JavaFX Application Thread] DEBUG sample.Controller - future terminó
2019-04-04 12:35:32 [JavaFX Application Thread] DEBUG sample.Controller - se llego a actualizar
2019-04-04 12:35:33 [JavaFX Application Thread] DEBUG sample.Controller - si clickeaste compa
2019-04-04 12:35:33 [JavaFX Application Thread] DEBUG sample.Controller - future terminó
2019-04-04 12:35:33 [JavaFX Application Thread] DEBUG sample.Controller - se llego a actualizar
2019-04-04 12:35:34 [JavaFX Application Thread] DEBUG sample.Controller - si clickeaste compa
2019-04-04 12:35:34 [JavaFX Application Thread] DEBUG sample.Controller - future terminó
2019-04-04 12:35:34 [JavaFX Application Thread] DEBUG sample.Controller - se llego a actualizar
2019-04-04 12:35:35 [JavaFX Application Thread] DEBUG sample.Controller - si clickeaste compa
2019-04-04 12:35:35 [JavaFX Application Thread] DEBUG sample.Controller - future terminó
2019-04-04 12:35:35 [JavaFX Application Thread] DEBUG sample.Controller - se llego a actualizar
2019-04-04 12:35:36 [JavaFX Application Thread] DEBUG sample.Controller - si clickeaste compa
2019-04-04 12:35:36 [JavaFX Application Thread] DEBUG sample.Controller - future terminó
2019-04-04 12:35:36 [JavaFX Application Thread] DEBUG sample.Controller - se llego a actualizar
2019-04-04 12:35:37 [JavaFX Application Thread] DEBUG sample.Controller - future terminó
2019-04-04 12:35:37 [JavaFX Application Thread] DEBUG sample.Controller - se llego a actualizar
2019-04-04 12:35:38 [JavaFX Application Thread] DEBUG sample.Controller - future terminó
2019-04-04 12:35:38 [JavaFX Application Thread] DEBUG sample.Controller - se llego a actualizar
2019-04-04 12:35:39 [JavaFX Application Thread] DEBUG sample.Controller - future terminó
2019-04-04 12:35:39 [JavaFX Application Thread] DEBUG sample.Controller - se llego a actualizar
2019-04-04 12:35:40 [JavaFX Application Thread] DEBUG sample.Controller - future terminó
2019-04-04 12:35:40 [JavaFX Application Thread] DEBUG sample.Controller - se llego a actualizar
2019-04-04 12:35:41 [JavaFX Application Thread] DEBUG sample.Controller - future terminó
2019-04-04 12:35:41 [JavaFX Application Thread] DEBUG sample.Controller - se llego a actualizar
2019-04-04 12:35:46 [JavaFX Application Thread] DEBUG sample.Controller - si clickeaste compa
2019-04-04 12:40:57 [JavaFX Application Thread] DEBUG sample.Controller - si clickeaste compa
2019-04-04 12:42:37 [JavaFX Application Thread] DEBUG sample.Controller - si clickeaste compa
2019-04-04 12:43:01 [JavaFX Application Thread] DEBUG sample.Controller - si clickeaste compa
2019-04-04 12:45:18 [JavaFX Application Thread] DEBUG sample.Controller - si clickeaste compa
